Copyright 1986-2018 Xilinx, Inc. All Rights Reserved.
--------------------------------------------------------------------------------------------------------------------------------------------------------------------------------
| Tool Version : Vivado v.2018.3 (win64) Build 2405991 Thu Dec  6 23:38:27 MST 2018
| Date         : Wed Jul 22 21:13:59 2026
| Host         : DESKTOP-FT4P3P7 running 64-bit major release  (build 9200)
| Command      : report_methodology -file top_wave_meter_methodology_drc_routed.rpt -pb top_wave_meter_methodology_drc_routed.pb -rpx top_wave_meter_methodology_drc_routed.rpx
| Design       : top_wave_meter
| Device       : xc7z010clg400-1
| Speed File   : -1
| Design State : Fully Routed
--------------------------------------------------------------------------------------------------------------------------------------------------------------------------------

Report Methodology

Table of Contents
-----------------
1. REPORT SUMMARY
2. REPORT DETAILS

1. REPORT SUMMARY
-----------------
            Netlist: netlist
          Floorplan: design_1
      Design limits: <entire design considered>
             Max violations: <unlimited>
             Violations found: 31
+-----------+----------+-------------------------------+------------+
| Rule      | Severity | Description                   | Violations |
+-----------+----------+-------------------------------+------------+
| LUTAR-1   | Warning  | LUT drives async reset alert  | 1          |
| TIMING-18 | Warning  | Missing input or output delay | 30         |
+-----------+----------+-------------------------------+------------+

2. REPORT DETAILS
-----------------
LUTAR-1#1 Warning
LUT drives async reset alert  
LUT cell u_lcd_clock/h_cnt[10]_i_2, with 2 or more inputs, drives asynchronous preset/clear pin(s) u_lcd_timing/h_cnt_reg[0]/CLR, u_lcd_timing/h_cnt_reg[10]/CLR, u_lcd_timing/h_cnt_reg[1]/CLR, u_lcd_timing/h_cnt_reg[2]/CLR, u_lcd_timing/h_cnt_reg[3]/CLR, u_lcd_timing/h_cnt_reg[4]/CLR, u_lcd_timing/h_cnt_reg[5]/CLR, u_lcd_timing/h_cnt_reg[6]/CLR, u_lcd_timing/h_cnt_reg[7]/CLR, u_lcd_timing/h_cnt_reg[8]/CLR, u_lcd_timing/h_cnt_reg[9]/CLR, u_lcd_timing/v_cnt_reg[0]/CLR, u_lcd_timing/v_cnt_reg[10]/CLR, u_lcd_timing/v_cnt_reg[1]/CLR, u_lcd_timing/v_cnt_reg[2]/CLR (the first 15 of 22 listed). The LUT may glitch and trigger an unexpected reset, even if it is a properly timed path.
Related violations: <none>

TIMING-18#1 Warning
Missing input or output delay  
An input delay is missing on key_mode_n relative to clock(s) clk_50m
Related violations: <none>

TIMING-18#2 Warning
Missing input or output delay  
An input delay is missing on rst_n relative to clock(s) clk_50m
Related violations: <none>

TIMING-18#3 Warning
Missing input or output delay  
An output delay is missing on lcd_b[0] relative to clock(s) clk_50m
Related violations: <none>

TIMING-18#4 Warning
Missing input or output delay  
An output delay is missing on lcd_b[1] relative to clock(s) clk_50m
Related violations: <none>

TIMING-18#5 Warning
Missing input or output delay  
An output delay is missing on lcd_b[2] relative to clock(s) clk_50m
Related violations: <none>

TIMING-18#6 Warning
Missing input or output delay  
An output delay is missing on lcd_b[3] relative to clock(s) clk_50m
Related violations: <none>

TIMING-18#7 Warning
Missing input or output delay  
An output delay is missing on lcd_b[4] relative to clock(s) clk_50m
Related violations: <none>

TIMING-18#8 Warning
Missing input or output delay  
An output delay is missing on lcd_b[5] relative to clock(s) clk_50m
Related violations: <none>

TIMING-18#9 Warning
Missing input or output delay  
An output delay is missing on lcd_b[6] relative to clock(s) clk_50m
Related violations: <none>

TIMING-18#10 Warning
Missing input or output delay  
An output delay is missing on lcd_b[7] relative to clock(s) clk_50m
Related violations: <none>

TIMING-18#11 Warning
Missing input or output delay  
An output delay is missing on lcd_g[0] relative to clock(s) clk_50m
Related violations: <none>

TIMING-18#12 Warning
Missing input or output delay  
An output delay is missing on lcd_g[1] relative to clock(s) clk_50m
Related violations: <none>

TIMING-18#13 Warning
Missing input or output delay  
An output delay is missing on lcd_g[2] relative to clock(s) clk_50m
Related violations: <none>

TIMING-18#14 Warning
Missing input or output delay  
An output delay is missing on lcd_g[3] relative to clock(s) clk_50m
Related violations: <none>

TIMING-18#15 Warning
Missing input or output delay  
An output delay is missing on lcd_g[4] relative to clock(s) clk_50m
Related violations: <none>

TIMING-18#16 Warning
Missing input or output delay  
An output delay is missing on lcd_g[5] relative to clock(s) clk_50m
Related violations: <none>

TIMING-18#17 Warning
Missing input or output delay  
An output delay is missing on lcd_g[6] relative to clock(s) clk_50m
Related violations: <none>

TIMING-18#18 Warning
Missing input or output delay  
An output delay is missing on lcd_g[7] relative to clock(s) clk_50m
Related violations: <none>

TIMING-18#19 Warning
Missing input or output delay  
An output delay is missing on lcd_r[0] relative to clock(s) clk_50m
Related violations: <none>

TIMING-18#20 Warning
Missing input or output delay  
An output delay is missing on lcd_r[1] relative to clock(s) clk_50m
Related violations: <none>

TIMING-18#21 Warning
Missing input or output delay  
An output delay is missing on lcd_r[2] relative to clock(s) clk_50m
Related violations: <none>

TIMING-18#22 Warning
Missing input or output delay  
An output delay is missing on lcd_r[3] relative to clock(s) clk_50m
Related violations: <none>

TIMING-18#23 Warning
Missing input or output delay  
An output delay is missing on lcd_r[4] relative to clock(s) clk_50m
Related violations: <none>

TIMING-18#24 Warning
Missing input or output delay  
An output delay is missing on lcd_r[5] relative to clock(s) clk_50m
Related violations: <none>

TIMING-18#25 Warning
Missing input or output delay  
An output delay is missing on lcd_r[6] relative to clock(s) clk_50m
Related violations: <none>

TIMING-18#26 Warning
Missing input or output delay  
An output delay is missing on lcd_r[7] relative to clock(s) clk_50m
Related violations: <none>

TIMING-18#27 Warning
Missing input or output delay  
An output delay is missing on led[0] relative to clock(s) clk_50m
Related violations: <none>

TIMING-18#28 Warning
Missing input or output delay  
An output delay is missing on led[1] relative to clock(s) clk_50m
Related violations: <none>

TIMING-18#29 Warning
Missing input or output delay  
An output delay is missing on led[2] relative to clock(s) clk_50m
Related violations: <none>

TIMING-18#30 Warning
Missing input or output delay  
An output delay is missing on led[3] relative to clock(s) clk_50m
Related violations: <none>


